<?xml version="1.0" encoding="UTF-8"?>
<testsuite name="Chapter1Test" tests="1" skipped="0" failures="0" errors="0" timestamp="2021-10-05T20:08:23" hostname="DESKTOP-H493GIB" time="0.018">
  <properties/>
  <testcase name="getIndex()" classname="Chapter1Test" time="0.018"/>
  <system-out><![CDATA[-1
]]></system-out>
  <system-err><![CDATA[]]></system-err>
</testsuite>
